::1 - - [Tue, 27 Sep 2016 03:54:38 GMT] "GET /u/Tony/2016-9-23/%E4%BE%9D%E7%84%B6%E7%88%B1%E4%B8%BD%E4%B8%9D%20Still%20Alice%20(2014) HTTP/1.1" 200 3333 "http://localhost:3000/?p=2" "Mozilla/5.0 (Windows NT 10.0; Win64; x64) AppleWebKit/537.36 (KHTML, like Gecko) Chrome/53.0.2785.116 Safari/537.36"
::1 - - [Tue, 27 Sep 2016 03:54:38 GMT] "GET /stylesheets/style.css HTTP/1.1" 304 - "http://localhost:3000/u/Tony/2016-9-23/%E4%BE%9D%E7%84%B6%E7%88%B1%E4%B8%BD%E4%B8%9D%20Still%20Alice%20(2014)" "Mozilla/5.0 (Windows NT 10.0; Win64; x64) AppleWebKit/537.36 (KHTML, like Gecko) Chrome/53.0.2785.116 Safari/537.36"
::1 - - [Tue, 27 Sep 2016 03:54:38 GMT] "GET /kindEditor/kindeditor-min.js HTTP/1.1" 304 - "http://localhost:3000/u/Tony/2016-9-23/%E4%BE%9D%E7%84%B6%E7%88%B1%E4%B8%BD%E4%B8%9D%20Still%20Alice%20(2014)" "Mozilla/5.0 (Windows NT 10.0; Win64; x64) AppleWebKit/537.36 (KHTML, like Gecko) Chrome/53.0.2785.116 Safari/537.36"
::1 - - [Tue, 27 Sep 2016 03:54:38 GMT] "GET /kindEditor/lang/zh_CN.js HTTP/1.1" 304 - "http://localhost:3000/u/Tony/2016-9-23/%E4%BE%9D%E7%84%B6%E7%88%B1%E4%B8%BD%E4%B8%9D%20Still%20Alice%20(2014)" "Mozilla/5.0 (Windows NT 10.0; Win64; x64) AppleWebKit/537.36 (KHTML, like Gecko) Chrome/53.0.2785.116 Safari/537.36"
::1 - - [Tue, 27 Sep 2016 03:54:39 GMT] "GET /kindEditor/themes/default/default.css HTTP/1.1" 304 - "http://localhost:3000/u/Tony/2016-9-23/%E4%BE%9D%E7%84%B6%E7%88%B1%E4%B8%BD%E4%B8%9D%20Still%20Alice%20(2014)" "Mozilla/5.0 (Windows NT 10.0; Win64; x64) AppleWebKit/537.36 (KHTML, like Gecko) Chrome/53.0.2785.116 Safari/537.36"
::1 - - [Tue, 27 Sep 2016 03:54:39 GMT] "GET /favicon.ico HTTP/1.1" 200 216 "http://localhost:3000/u/Tony/2016-9-23/%E4%BE%9D%E7%84%B6%E7%88%B1%E4%B8%BD%E4%B8%9D%20Still%20Alice%20(2014)" "Mozilla/5.0 (Windows NT 10.0; Win64; x64) AppleWebKit/537.36 (KHTML, like Gecko) Chrome/53.0.2785.116 Safari/537.36"
::1 - - [Tue, 27 Sep 2016 03:54:58 GMT] "GET / HTTP/1.1" 304 - "http://localhost:3000/u/Tony/2016-9-23/%E4%BE%9D%E7%84%B6%E7%88%B1%E4%B8%BD%E4%B8%9D%20Still%20Alice%20(2014)" "Mozilla/5.0 (Windows NT 10.0; Win64; x64) AppleWebKit/537.36 (KHTML, like Gecko) Chrome/53.0.2785.116 Safari/537.36"
::1 - - [Tue, 27 Sep 2016 03:54:59 GMT] "GET /stylesheets/style.css HTTP/1.1" 304 - "http://localhost:3000/" "Mozilla/5.0 (Windows NT 10.0; Win64; x64) AppleWebKit/537.36 (KHTML, like Gecko) Chrome/53.0.2785.116 Safari/537.36"
::1 - - [Tue, 27 Sep 2016 03:54:59 GMT] "GET /kindEditor/kindeditor-min.js HTTP/1.1" 304 - "http://localhost:3000/" "Mozilla/5.0 (Windows NT 10.0; Win64; x64) AppleWebKit/537.36 (KHTML, like Gecko) Chrome/53.0.2785.116 Safari/537.36"
::1 - - [Tue, 27 Sep 2016 03:54:59 GMT] "GET /kindEditor/lang/zh_CN.js HTTP/1.1" 304 - "http://localhost:3000/" "Mozilla/5.0 (Windows NT 10.0; Win64; x64) AppleWebKit/537.36 (KHTML, like Gecko) Chrome/53.0.2785.116 Safari/537.36"
::1 - - [Tue, 27 Sep 2016 03:54:59 GMT] "GET /images/15.jpg HTTP/1.1" 304 - "http://localhost:3000/" "Mozilla/5.0 (Windows NT 10.0; Win64; x64) AppleWebKit/537.36 (KHTML, like Gecko) Chrome/53.0.2785.116 Safari/537.36"
::1 - - [Tue, 27 Sep 2016 03:54:59 GMT] "GET /images/14.jpg HTTP/1.1" 304 - "http://localhost:3000/" "Mozilla/5.0 (Windows NT 10.0; Win64; x64) AppleWebKit/537.36 (KHTML, like Gecko) Chrome/53.0.2785.116 Safari/537.36"
::1 - - [Tue, 27 Sep 2016 03:54:59 GMT] "GET /kindEditor/themes/default/default.css HTTP/1.1" 304 - "http://localhost:3000/" "Mozilla/5.0 (Windows NT 10.0; Win64; x64) AppleWebKit/537.36 (KHTML, like Gecko) Chrome/53.0.2785.116 Safari/537.36"
::1 - - [Tue, 27 Sep 2016 03:54:59 GMT] "GET /favicon.ico HTTP/1.1" 304 - "http://localhost:3000/" "Mozilla/5.0 (Windows NT 10.0; Win64; x64) AppleWebKit/537.36 (KHTML, like Gecko) Chrome/53.0.2785.116 Safari/537.36"
::1 - - [Tue, 27 Sep 2016 03:55:02 GMT] "GET /u/Tony/2016-9-23/%E7%9B%97%E6%A2%A6%E7%A9%BA%E9%97%B4%20Inception%20(2010) HTTP/1.1" 200 3963 "http://localhost:3000/" "Mozilla/5.0 (Windows NT 10.0; Win64; x64) AppleWebKit/537.36 (KHTML, like Gecko) Chrome/53.0.2785.116 Safari/537.36"
::1 - - [Tue, 27 Sep 2016 03:55:02 GMT] "GET /stylesheets/style.css HTTP/1.1" 304 - "http://localhost:3000/u/Tony/2016-9-23/%E7%9B%97%E6%A2%A6%E7%A9%BA%E9%97%B4%20Inception%20(2010)" "Mozilla/5.0 (Windows NT 10.0; Win64; x64) AppleWebKit/537.36 (KHTML, like Gecko) Chrome/53.0.2785.116 Safari/537.36"
::1 - - [Tue, 27 Sep 2016 03:55:02 GMT] "GET /kindEditor/kindeditor-min.js HTTP/1.1" 304 - "http://localhost:3000/u/Tony/2016-9-23/%E7%9B%97%E6%A2%A6%E7%A9%BA%E9%97%B4%20Inception%20(2010)" "Mozilla/5.0 (Windows NT 10.0; Win64; x64) AppleWebKit/537.36 (KHTML, like Gecko) Chrome/53.0.2785.116 Safari/537.36"
::1 - - [Tue, 27 Sep 2016 03:55:02 GMT] "GET /kindEditor/lang/zh_CN.js HTTP/1.1" 304 - "http://localhost:3000/u/Tony/2016-9-23/%E7%9B%97%E6%A2%A6%E7%A9%BA%E9%97%B4%20Inception%20(2010)" "Mozilla/5.0 (Windows NT 10.0; Win64; x64) AppleWebKit/537.36 (KHTML, like Gecko) Chrome/53.0.2785.116 Safari/537.36"
::1 - - [Tue, 27 Sep 2016 03:55:02 GMT] "GET /images/15.jpg HTTP/1.1" 304 - "http://localhost:3000/u/Tony/2016-9-23/%E7%9B%97%E6%A2%A6%E7%A9%BA%E9%97%B4%20Inception%20(2010)" "Mozilla/5.0 (Windows NT 10.0; Win64; x64) AppleWebKit/537.36 (KHTML, like Gecko) Chrome/53.0.2785.116 Safari/537.36"
::1 - - [Tue, 27 Sep 2016 03:55:02 GMT] "GET /kindEditor/themes/default/default.css HTTP/1.1" 304 - "http://localhost:3000/u/Tony/2016-9-23/%E7%9B%97%E6%A2%A6%E7%A9%BA%E9%97%B4%20Inception%20(2010)" "Mozilla/5.0 (Windows NT 10.0; Win64; x64) AppleWebKit/537.36 (KHTML, like Gecko) Chrome/53.0.2785.116 Safari/537.36"
::1 - - [Tue, 27 Sep 2016 03:55:03 GMT] "GET /favicon.ico HTTP/1.1" 304 - "http://localhost:3000/u/Tony/2016-9-23/%E7%9B%97%E6%A2%A6%E7%A9%BA%E9%97%B4%20Inception%20(2010)" "Mozilla/5.0 (Windows NT 10.0; Win64; x64) AppleWebKit/537.36 (KHTML, like Gecko) Chrome/53.0.2785.116 Safari/537.36"
::1 - - [Tue, 27 Sep 2016 07:36:47 GMT] "GET / HTTP/1.1" 200 16746 "-" "Mozilla/5.0 (Windows NT 10.0; Win64; x64) AppleWebKit/537.36 (KHTML, like Gecko) Chrome/53.0.2785.116 Safari/537.36"
::1 - - [Tue, 27 Sep 2016 07:36:47 GMT] "GET /stylesheets/style.css HTTP/1.1" 304 - "http://localhost:3000/" "Mozilla/5.0 (Windows NT 10.0; Win64; x64) AppleWebKit/537.36 (KHTML, like Gecko) Chrome/53.0.2785.116 Safari/537.36"
::1 - - [Tue, 27 Sep 2016 07:36:47 GMT] "GET /kindEditor/kindeditor-min.js HTTP/1.1" 304 - "http://localhost:3000/" "Mozilla/5.0 (Windows NT 10.0; Win64; x64) AppleWebKit/537.36 (KHTML, like Gecko) Chrome/53.0.2785.116 Safari/537.36"
::1 - - [Tue, 27 Sep 2016 07:36:47 GMT] "GET /kindEditor/lang/zh_CN.js HTTP/1.1" 304 - "http://localhost:3000/" "Mozilla/5.0 (Windows NT 10.0; Win64; x64) AppleWebKit/537.36 (KHTML, like Gecko) Chrome/53.0.2785.116 Safari/537.36"
::1 - - [Tue, 27 Sep 2016 07:36:48 GMT] "GET /images/15.jpg HTTP/1.1" 304 - "http://localhost:3000/" "Mozilla/5.0 (Windows NT 10.0; Win64; x64) AppleWebKit/537.36 (KHTML, like Gecko) Chrome/53.0.2785.116 Safari/537.36"
::1 - - [Tue, 27 Sep 2016 07:36:48 GMT] "GET /images/14.jpg HTTP/1.1" 304 - "http://localhost:3000/" "Mozilla/5.0 (Windows NT 10.0; Win64; x64) AppleWebKit/537.36 (KHTML, like Gecko) Chrome/53.0.2785.116 Safari/537.36"
::1 - - [Tue, 27 Sep 2016 07:36:48 GMT] "GET /kindEditor/themes/default/default.css HTTP/1.1" 304 - "http://localhost:3000/" "Mozilla/5.0 (Windows NT 10.0; Win64; x64) AppleWebKit/537.36 (KHTML, like Gecko) Chrome/53.0.2785.116 Safari/537.36"
::1 - - [Tue, 27 Sep 2016 07:36:48 GMT] "GET /favicon.ico HTTP/1.1" 304 - "http://localhost:3000/" "Mozilla/5.0 (Windows NT 10.0; Win64; x64) AppleWebKit/537.36 (KHTML, like Gecko) Chrome/53.0.2785.116 Safari/537.36"
